safety = high
|---persons = 2
|---|---unacc
|---persons = 4
|---|---buying = vhigh
|---|---|---maint = vhigh
|---|---|---|---unacc
|---|---|---maint = high
|---|---|---|---unacc
|---|---|---maint = med
|---|---|---|---acc
|---|---|---maint = low
|---|---|---|---acc
|---|---buying = high
|---|---|---maint = vhigh
|---|---|---|---unacc
|---|---|---maint = high
|---|---|---|---acc
|---|---|---maint = med
|---|---|---|---acc
|---|---|---maint = low
|---|---|---|---acc
|---|---buying = med
|---|---|---maint = vhigh
|---|---|---|---acc
|---|---|---maint = high
|---|---|---|---acc
|---|---|---maint = med
|---|---|---|---lug_boot = small
|---|---|---|---|---acc
|---|---|---|---lug_boot = med
|---|---|---|---|---doors = 2
|---|---|---|---|---|---acc
|---|---|---|---|---doors = 3
|---|---|---|---|---|---acc
|---|---|---|---|---doors = 4
|---|---|---|---|---|---vgood
|---|---|---|---|---doors = 5more
|---|---|---|---|---|---vgood
|---|---|---|---lug_boot = big
|---|---|---|---|---vgood
|---|---|---maint = low
|---|---|---|---lug_boot = small
|---|---|---|---|---good
|---|---|---|---lug_boot = med
|---|---|---|---|---doors = 2
|---|---|---|---|---|---good
|---|---|---|---|---doors = 3
|---|---|---|---|---|---good
|---|---|---|---|---doors = 4
|---|---|---|---|---|---vgood
|---|---|---|---|---doors = 5more
|---|---|---|---|---|---vgood
|---|---|---|---lug_boot = big
|---|---|---|---|---vgood
|---|---buying = low
|---|---|---maint = vhigh
|---|---|---|---acc
|---|---|---maint = high
|---|---|---|---lug_boot = small
|---|---|---|---|---acc
|---|---|---|---lug_boot = med
|---|---|---|---|---doors = 2
|---|---|---|---|---|---acc
|---|---|---|---|---doors = 3
|---|---|---|---|---|---acc
|---|---|---|---|---doors = 4
|---|---|---|---|---|---vgood
|---|---|---|---|---doors = 5more
|---|---|---|---|---|---vgood
|---|---|---|---lug_boot = big
|---|---|---|---|---vgood
|---|---|---maint = med
|---|---|---|---lug_boot = small
|---|---|---|---|---good
|---|---|---|---lug_boot = med
|---|---|---|---|---doors = 2
|---|---|---|---|---|---good
|---|---|---|---|---doors = 3
|---|---|---|---|---|---good
|---|---|---|---|---doors = 4
|---|---|---|---|---|---vgood
|---|---|---|---|---doors = 5more
|---|---|---|---|---|---vgood
|---|---|---|---lug_boot = big
|---|---|---|---|---vgood
|---|---|---maint = low
|---|---|---|---lug_boot = small
|---|---|---|---|---good
|---|---|---|---lug_boot = med
|---|---|---|---|---doors = 2
|---|---|---|---|---|---good
|---|---|---|---|---doors = 3
|---|---|---|---|---|---good
|---|---|---|---|---doors = 4
|---|---|---|---|---|---vgood
|---|---|---|---|---doors = 5more
|---|---|---|---|---|---vgood
|---|---|---|---lug_boot = big
|---|---|---|---|---vgood
|---persons = more
|---|---buying = vhigh
|---|---|---maint = vhigh
|---|---|---|---unacc
|---|---|---maint = high
|---|---|---|---unacc
|---|---|---maint = med
|---|---|---|---doors = 2
|---|---|---|---|---lug_boot = small
|---|---|---|---|---|---unacc
|---|---|---|---|---lug_boot = med
|---|---|---|---|---|---acc
|---|---|---|---|---lug_boot = big
|---|---|---|---|---|---acc
|---|---|---|---doors = 3
|---|---|---|---|---acc
|---|---|---|---doors = 4
|---|---|---|---|---acc
|---|---|---|---doors = 5more
|---|---|---|---|---acc
|---|---|---maint = low
|---|---|---|---doors = 2
|---|---|---|---|---lug_boot = small
|---|---|---|---|---|---unacc
|---|---|---|---|---lug_boot = med
|---|---|---|---|---|---acc
|---|---|---|---|---lug_boot = big
|---|---|---|---|---|---acc
|---|---|---|---doors = 3
|---|---|---|---|---acc
|---|---|---|---doors = 4
|---|---|---|---|---acc
|---|---|---|---doors = 5more
|---|---|---|---|---acc
|---|---buying = high
|---|---|---maint = vhigh
|---|---|---|---unacc
|---|---|---maint = high
|---|---|---|---doors = 2
|---|---|---|---|---lug_boot = small
|---|---|---|---|---|---unacc
|---|---|---|---|---lug_boot = med
|---|---|---|---|---|---acc
|---|---|---|---|---lug_boot = big
|---|---|---|---|---|---acc
|---|---|---|---doors = 3
|---|---|---|---|---acc
|---|---|---|---doors = 4
|---|---|---|---|---acc
|---|---|---|---doors = 5more
|---|---|---|---|---acc
|---|---|---maint = med
|---|---|---|---doors = 2
|---|---|---|---|---lug_boot = small
|---|---|---|---|---|---unacc
|---|---|---|---|---lug_boot = med
|---|---|---|---|---|---acc
|---|---|---|---|---lug_boot = big
|---|---|---|---|---|---acc
|---|---|---|---doors = 3
|---|---|---|---|---acc
|---|---|---|---doors = 4
|---|---|---|---|---acc
|---|---|---|---doors = 5more
|---|---|---|---|---acc
|---|---|---maint = low
|---|---|---|---doors = 2
|---|---|---|---|---lug_boot = small
|---|---|---|---|---|---unacc
|---|---|---|---|---lug_boot = med
|---|---|---|---|---|---acc
|---|---|---|---|---lug_boot = big
|---|---|---|---|---|---acc
|---|---|---|---doors = 3
|---|---|---|---|---acc
|---|---|---|---doors = 4
|---|---|---|---|---acc
|---|---|---|---doors = 5more
|---|---|---|---|---acc
|---|---buying = med
|---|---|---maint = vhigh
|---|---|---|---doors = 2
|---|---|---|---|---lug_boot = small
|---|---|---|---|---|---unacc
|---|---|---|---|---lug_boot = med
|---|---|---|---|---|---acc
|---|---|---|---|---lug_boot = big
|---|---|---|---|---|---acc
|---|---|---|---doors = 3
|---|---|---|---|---acc
|---|---|---|---doors = 4
|---|---|---|---|---acc
|---|---|---|---doors = 5more
|---|---|---|---|---acc
|---|---|---maint = high
|---|---|---|---doors = 2
|---|---|---|---|---lug_boot = small
|---|---|---|---|---|---unacc
|---|---|---|---|---lug_boot = med
|---|---|---|---|---|---acc
|---|---|---|---|---lug_boot = big
|---|---|---|---|---|---acc
|---|---|---|---doors = 3
|---|---|---|---|---acc
|---|---|---|---doors = 4
|---|---|---|---|---acc
|---|---|---|---doors = 5more
|---|---|---|---|---acc
|---|---|---maint = med
|---|---|---|---lug_boot = small
|---|---|---|---|---doors = 2
|---|---|---|---|---|---unacc
|---|---|---|---|---doors = 3
|---|---|---|---|---|---acc
|---|---|---|---|---doors = 4
|---|---|---|---|---|---acc
|---|---|---|---|---doors = 5more
|---|---|---|---|---|---acc
|---|---|---|---lug_boot = med
|---|---|---|---|---doors = 2
|---|---|---|---|---|---acc
|---|---|---|---|---doors = 3
|---|---|---|---|---|---vgood
|---|---|---|---|---doors = 4
|---|---|---|---|---|---vgood
|---|---|---|---|---doors = 5more
|---|---|---|---|---|---vgood
|---|---|---|---lug_boot = big
|---|---|---|---|---vgood
|---|---|---maint = low
|---|---|---|---lug_boot = small
|---|---|---|---|---doors = 2
|---|---|---|---|---|---unacc
|---|---|---|---|---doors = 3
|---|---|---|---|---|---good
|---|---|---|---|---doors = 4
|---|---|---|---|---|---good
|---|---|---|---|---doors = 5more
|---|---|---|---|---|---good
|---|---|---|---lug_boot = med
|---|---|---|---|---doors = 2
|---|---|---|---|---|---good
|---|---|---|---|---doors = 3
|---|---|---|---|---|---vgood
|---|---|---|---|---doors = 4
|---|---|---|---|---|---vgood
|---|---|---|---|---doors = 5more
|---|---|---|---|---|---vgood
|---|---|---|---lug_boot = big
|---|---|---|---|---vgood
|---|---buying = low
|---|---|---maint = vhigh
|---|---|---|---doors = 2
|---|---|---|---|---lug_boot = small
|---|---|---|---|---|---unacc
|---|---|---|---|---lug_boot = med
|---|---|---|---|---|---acc
|---|---|---|---|---lug_boot = big
|---|---|---|---|---|---acc
|---|---|---|---doors = 3
|---|---|---|---|---acc
|---|---|---|---doors = 4
|---|---|---|---|---acc
|---|---|---|---doors = 5more
|---|---|---|---|---acc
|---|---|---maint = high
|---|---|---|---lug_boot = small
|---|---|---|---|---doors = 2
|---|---|---|---|---|---unacc
|---|---|---|---|---doors = 3
|---|---|---|---|---|---acc
|---|---|---|---|---doors = 4
|---|---|---|---|---|---acc
|---|---|---|---|---doors = 5more
|---|---|---|---|---|---acc
|---|---|---|---lug_boot = med
|---|---|---|---|---doors = 2
|---|---|---|---|---|---acc
|---|---|---|---|---doors = 3
|---|---|---|---|---|---vgood
|---|---|---|---|---doors = 4
|---|---|---|---|---|---vgood
|---|---|---|---|---doors = 5more
|---|---|---|---|---|---vgood
|---|---|---|---lug_boot = big
|---|---|---|---|---vgood
|---|---|---maint = med
|---|---|---|---lug_boot = small
|---|---|---|---|---doors = 2
|---|---|---|---|---|---unacc
|---|---|---|---|---doors = 3
|---|---|---|---|---|---good
|---|---|---|---|---doors = 4
|---|---|---|---|---|---good
|---|---|---|---|---doors = 5more
|---|---|---|---|---|---good
|---|---|---|---lug_boot = med
|---|---|---|---|---doors = 2
|---|---|---|---|---|---good
|---|---|---|---|---doors = 3
|---|---|---|---|---|---vgood
|---|---|---|---|---doors = 4
|---|---|---|---|---|---vgood
|---|---|---|---|---doors = 5more
|---|---|---|---|---|---vgood
|---|---|---|---lug_boot = big
|---|---|---|---|---vgood
|---|---|---maint = low
|---|---|---|---lug_boot = small
|---|---|---|---|---doors = 2
|---|---|---|---|---|---unacc
|---|---|---|---|---doors = 3
|---|---|---|---|---|---good
|---|---|---|---|---doors = 4
|---|---|---|---|---|---good
|---|---|---|---|---doors = 5more
|---|---|---|---|---|---good
|---|---|---|---lug_boot = med
|---|---|---|---|---doors = 2
|---|---|---|---|---|---good
|---|---|---|---|---doors = 3
|---|---|---|---|---|---vgood
|---|---|---|---|---doors = 4
|---|---|---|---|---|---vgood
|---|---|---|---|---doors = 5more
|---|---|---|---|---|---vgood
|---|---|---|---lug_boot = big
|---|---|---|---|---vgood
safety = med
|---persons = 2
|---|---unacc
|---persons = 4
|---|---buying = vhigh
|---|---|---maint = vhigh
|---|---|---|---unacc
|---|---|---maint = high
|---|---|---|---unacc
|---|---|---maint = med
|---|---|---|---lug_boot = small
|---|---|---|---|---unacc
|---|---|---|---lug_boot = med
|---|---|---|---|---doors = 2
|---|---|---|---|---|---unacc
|---|---|---|---|---doors = 3
|---|---|---|---|---|---unacc
|---|---|---|---|---doors = 4
|---|---|---|---|---|---acc
|---|---|---|---|---doors = 5more
|---|---|---|---|---|---acc
|---|---|---|---lug_boot = big
|---|---|---|---|---acc
|---|---|---maint = low
|---|---|---|---lug_boot = small
|---|---|---|---|---unacc
|---|---|---|---lug_boot = med
|---|---|---|---|---doors = 2
|---|---|---|---|---|---unacc
|---|---|---|---|---doors = 3
|---|---|---|---|---|---unacc
|---|---|---|---|---doors = 4
|---|---|---|---|---|---acc
|---|---|---|---|---doors = 5more
|---|---|---|---|---|---acc
|---|---|---|---lug_boot = big
|---|---|---|---|---acc
|---|---buying = high
|---|---|---lug_boot = small
|---|---|---|---unacc
|---|---|---lug_boot = med
|---|---|---|---doors = 2
|---|---|---|---|---unacc
|---|---|---|---doors = 3
|---|---|---|---|---unacc
|---|---|---|---doors = 4
|---|---|---|---|---maint = vhigh
|---|---|---|---|---|---unacc
|---|---|---|---|---maint = high
|---|---|---|---|---|---acc
|---|---|---|---|---maint = med
|---|---|---|---|---|---acc
|---|---|---|---|---maint = low
|---|---|---|---|---|---acc
|---|---|---|---doors = 5more
|---|---|---|---|---maint = vhigh
|---|---|---|---|---|---unacc
|---|---|---|---|---maint = high
|---|---|---|---|---|---acc
|---|---|---|---|---maint = med
|---|---|---|---|---|---acc
|---|---|---|---|---maint = low
|---|---|---|---|---|---acc
|---|---|---lug_boot = big
|---|---|---|---maint = vhigh
|---|---|---|---|---unacc
|---|---|---|---maint = high
|---|---|---|---|---acc
|---|---|---|---maint = med
|---|---|---|---|---acc
|---|---|---|---maint = low
|---|---|---|---|---acc
|---|---buying = med
|---|---|---maint = vhigh
|---|---|---|---lug_boot = small
|---|---|---|---|---unacc
|---|---|---|---lug_boot = med
|---|---|---|---|---doors = 2
|---|---|---|---|---|---unacc
|---|---|---|---|---doors = 3
|---|---|---|---|---|---unacc
|---|---|---|---|---doors = 4
|---|---|---|---|---|---acc
|---|---|---|---|---doors = 5more
|---|---|---|---|---|---acc
|---|---|---|---lug_boot = big
|---|---|---|---|---acc
|---|---|---maint = high
|---|---|---|---lug_boot = small
|---|---|---|---|---unacc
|---|---|---|---lug_boot = med
|---|---|---|---|---doors = 2
|---|---|---|---|---|---unacc
|---|---|---|---|---doors = 3
|---|---|---|---|---|---unacc
|---|---|---|---|---doors = 4
|---|---|---|---|---|---acc
|---|---|---|---|---doors = 5more
|---|---|---|---|---|---acc
|---|---|---|---lug_boot = big
|---|---|---|---|---acc
|---|---|---maint = med
|---|---|---|---acc
|---|---|---maint = low
|---|---|---|---lug_boot = small
|---|---|---|---|---acc
|---|---|---|---lug_boot = med
|---|---|---|---|---doors = 2
|---|---|---|---|---|---acc
|---|---|---|---|---doors = 3
|---|---|---|---|---|---acc
|---|---|---|---|---doors = 4
|---|---|---|---|---|---good
|---|---|---|---|---doors = 5more
|---|---|---|---|---|---good
|---|---|---|---lug_boot = big
|---|---|---|---|---good
|---|---buying = low
|---|---|---maint = vhigh
|---|---|---|---lug_boot = small
|---|---|---|---|---unacc
|---|---|---|---lug_boot = med
|---|---|---|---|---doors = 2
|---|---|---|---|---|---unacc
|---|---|---|---|---doors = 3
|---|---|---|---|---|---unacc
|---|---|---|---|---doors = 4
|---|---|---|---|---|---acc
|---|---|---|---|---doors = 5more
|---|---|---|---|---|---acc
|---|---|---|---lug_boot = big
|---|---|---|---|---acc
|---|---|---maint = high
|---|---|---|---acc
|---|---|---maint = med
|---|---|---|---lug_boot = small
|---|---|---|---|---acc
|---|---|---|---lug_boot = med
|---|---|---|---|---doors = 2
|---|---|---|---|---|---acc
|---|---|---|---|---doors = 3
|---|---|---|---|---|---acc
|---|---|---|---|---doors = 4
|---|---|---|---|---|---good
|---|---|---|---|---doors = 5more
|---|---|---|---|---|---good
|---|---|---|---lug_boot = big
|---|---|---|---|---good
|---|---|---maint = low
|---|---|---|---lug_boot = small
|---|---|---|---|---acc
|---|---|---|---lug_boot = med
|---|---|---|---|---doors = 2
|---|---|---|---|---|---acc
|---|---|---|---|---doors = 3
|---|---|---|---|---|---acc
|---|---|---|---|---doors = 4
|---|---|---|---|---|---good
|---|---|---|---|---doors = 5more
|---|---|---|---|---|---good
|---|---|---|---lug_boot = big
|---|---|---|---|---good
|---persons = more
|---|---buying = vhigh
|---|---|---maint = vhigh
|---|---|---|---unacc
|---|---|---maint = high
|---|---|---|---unacc
|---|---|---maint = med
|---|---|---|---lug_boot = small
|---|---|---|---|---unacc
|---|---|---|---lug_boot = med
|---|---|---|---|---doors = 2
|---|---|---|---|---|---unacc
|---|---|---|---|---doors = 3
|---|---|---|---|---|---acc
|---|---|---|---|---doors = 4
|---|---|---|---|---|---acc
|---|---|---|---|---doors = 5more
|---|---|---|---|---|---acc
|---|---|---|---lug_boot = big
|---|---|---|---|---acc
|---|---|---maint = low
|---|---|---|---lug_boot = small
|---|---|---|---|---unacc
|---|---|---|---lug_boot = med
|---|---|---|---|---doors = 2
|---|---|---|---|---|---unacc
|---|---|---|---|---doors = 3
|---|---|---|---|---|---acc
|---|---|---|---|---doors = 4
|---|---|---|---|---|---acc
|---|---|---|---|---doors = 5more
|---|---|---|---|---|---acc
|---|---|---|---lug_boot = big
|---|---|---|---|---acc
|---|---buying = high
|---|---|---lug_boot = small
|---|---|---|---unacc
|---|---|---lug_boot = med
|---|---|---|---maint = vhigh
|---|---|---|---|---unacc
|---|---|---|---maint = high
|---|---|---|---|---doors = 2
|---|---|---|---|---|---unacc
|---|---|---|---|---doors = 3
|---|---|---|---|---|---acc
|---|---|---|---|---doors = 4
|---|---|---|---|---|---acc
|---|---|---|---|---doors = 5more
|---|---|---|---|---|---acc
|---|---|---|---maint = med
|---|---|---|---|---doors = 2
|---|---|---|---|---|---unacc
|---|---|---|---|---doors = 3
|---|---|---|---|---|---acc
|---|---|---|---|---doors = 4
|---|---|---|---|---|---acc
|---|---|---|---|---doors = 5more
|---|---|---|---|---|---acc
|---|---|---|---maint = low
|---|---|---|---|---doors = 2
|---|---|---|---|---|---unacc
|---|---|---|---|---doors = 3
|---|---|---|---|---|---acc
|---|---|---|---|---doors = 4
|---|---|---|---|---|---acc
|---|---|---|---|---doors = 5more
|---|---|---|---|---|---acc
|---|---|---lug_boot = big
|---|---|---|---maint = vhigh
|---|---|---|---|---unacc
|---|---|---|---maint = high
|---|---|---|---|---acc
|---|---|---|---maint = med
|---|---|---|---|---acc
|---|---|---|---maint = low
|---|---|---|---|---acc
|---|---buying = med
|---|---|---maint = vhigh
|---|---|---|---lug_boot = small
|---|---|---|---|---unacc
|---|---|---|---lug_boot = med
|---|---|---|---|---doors = 2
|---|---|---|---|---|---unacc
|---|---|---|---|---doors = 3
|---|---|---|---|---|---acc
|---|---|---|---|---doors = 4
|---|---|---|---|---|---acc
|---|---|---|---|---doors = 5more
|---|---|---|---|---|---acc
|---|---|---|---lug_boot = big
|---|---|---|---|---acc
|---|---|---maint = high
|---|---|---|---lug_boot = small
|---|---|---|---|---unacc
|---|---|---|---lug_boot = med
|---|---|---|---|---doors = 2
|---|---|---|---|---|---unacc
|---|---|---|---|---doors = 3
|---|---|---|---|---|---acc
|---|---|---|---|---doors = 4
|---|---|---|---|---|---acc
|---|---|---|---|---doors = 5more
|---|---|---|---|---|---acc
|---|---|---|---lug_boot = big
|---|---|---|---|---acc
|---|---|---maint = med
|---|---|---|---doors = 2
|---|---|---|---|---lug_boot = small
|---|---|---|---|---|---unacc
|---|---|---|---|---lug_boot = med
|---|---|---|---|---|---acc
|---|---|---|---|---lug_boot = big
|---|---|---|---|---|---acc
|---|---|---|---doors = 3
|---|---|---|---|---acc
|---|---|---|---doors = 4
|---|---|---|---|---acc
|---|---|---|---doors = 5more
|---|---|---|---|---acc
|---|---|---maint = low
|---|---|---|---lug_boot = small
|---|---|---|---|---doors = 2
|---|---|---|---|---|---unacc
|---|---|---|---|---doors = 3
|---|---|---|---|---|---acc
|---|---|---|---|---doors = 4
|---|---|---|---|---|---acc
|---|---|---|---|---doors = 5more
|---|---|---|---|---|---acc
|---|---|---|---lug_boot = med
|---|---|---|---|---doors = 2
|---|---|---|---|---|---acc
|---|---|---|---|---doors = 3
|---|---|---|---|---|---good
|---|---|---|---|---doors = 4
|---|---|---|---|---|---good
|---|---|---|---|---doors = 5more
|---|---|---|---|---|---good
|---|---|---|---lug_boot = big
|---|---|---|---|---good
|---|---buying = low
|---|---|---maint = vhigh
|---|---|---|---lug_boot = small
|---|---|---|---|---unacc
|---|---|---|---lug_boot = med
|---|---|---|---|---doors = 2
|---|---|---|---|---|---unacc
|---|---|---|---|---doors = 3
|---|---|---|---|---|---acc
|---|---|---|---|---doors = 4
|---|---|---|---|---|---acc
|---|---|---|---|---doors = 5more
|---|---|---|---|---|---acc
|---|---|---|---lug_boot = big
|---|---|---|---|---acc
|---|---|---maint = high
|---|---|---|---doors = 2
|---|---|---|---|---lug_boot = small
|---|---|---|---|---|---unacc
|---|---|---|---|---lug_boot = med
|---|---|---|---|---|---acc
|---|---|---|---|---lug_boot = big
|---|---|---|---|---|---acc
|---|---|---|---doors = 3
|---|---|---|---|---acc
|---|---|---|---doors = 4
|---|---|---|---|---acc
|---|---|---|---doors = 5more
|---|---|---|---|---acc
|---|---|---maint = med
|---|---|---|---lug_boot = small
|---|---|---|---|---doors = 2
|---|---|---|---|---|---unacc
|---|---|---|---|---doors = 3
|---|---|---|---|---|---acc
|---|---|---|---|---doors = 4
|---|---|---|---|---|---acc
|---|---|---|---|---doors = 5more
|---|---|---|---|---|---acc
|---|---|---|---lug_boot = med
|---|---|---|---|---doors = 2
|---|---|---|---|---|---acc
|---|---|---|---|---doors = 3
|---|---|---|---|---|---good
|---|---|---|---|---doors = 4
|---|---|---|---|---|---good
|---|---|---|---|---doors = 5more
|---|---|---|---|---|---good
|---|---|---|---lug_boot = big
|---|---|---|---|---good
|---|---|---maint = low
|---|---|---|---lug_boot = small
|---|---|---|---|---doors = 2
|---|---|---|---|---|---unacc
|---|---|---|---|---doors = 3
|---|---|---|---|---|---acc
|---|---|---|---|---doors = 4
|---|---|---|---|---|---acc
|---|---|---|---|---doors = 5more
|---|---|---|---|---|---acc
|---|---|---|---lug_boot = med
|---|---|---|---|---doors = 2
|---|---|---|---|---|---acc
|---|---|---|---|---doors = 3
|---|---|---|---|---|---good
|---|---|---|---|---doors = 4
|---|---|---|---|---|---good
|---|---|---|---|---doors = 5more
|---|---|---|---|---|---good
|---|---|---|---lug_boot = big
|---|---|---|---|---good
safety = low
|---unacc
